{
  "summary": {
    "totalTests": 16,
    "passed": 15,
    "failed": 1,
    "skipped": 0,
    "successRate": "93.8",
    "totalTimeMs": 6924,
    "certificationStatus": "CONDITIONAL"
  },
  "details": [
    {
      "test": "Create test directories",
      "success": true,
      "message": "Command executed successfully",
      "timestamp": "2025-09-15T00:56:03.898Z"
    },
    {
      "test": "Initialize git repository",
      "success": true,
      "message": "Command executed successfully",
      "timestamp": "2025-09-15T00:56:03.912Z"
    },
    {
      "test": "Create package.json",
      "success": true,
      "message": "Command executed successfully",
      "timestamp": "2025-09-15T00:56:04.094Z"
    },
    {
      "test": "Install test dependencies",
      "success": true,
      "message": "Command executed successfully",
      "timestamp": "2025-09-15T00:56:10.383Z"
    },
    {
      "test": "Create test requirements",
      "success": true,
      "message": "Sample requirements created",
      "timestamp": "2025-09-15T00:56:10.384Z"
    },
    {
      "test": "TD-001: QNEW Discovery",
      "success": true,
      "message": "QNEW properly documented and discoverable",
      "timestamp": "2025-09-15T00:56:10.384Z"
    },
    {
      "test": "TD-002: Requirements Lock Creation",
      "success": true,
      "message": "Requirements lock mechanism working",
      "timestamp": "2025-09-15T00:56:10.385Z"
    },
    {
      "test": "TD-009: TDD Enforcement Blocking",
      "success": true,
      "message": "TDD enforcement components available",
      "timestamp": "2025-09-15T00:56:10.385Z"
    },
    {
      "test": "TD-013: Territory Integration",
      "success": false,
      "message": "Territory integration test failed: Command failed: cd /Users/travis/Library/CloudStorage/Dropbox/dev/claude-mcp-quickstart && npm test -- tests/integration-req-101-108.spec.js\n⎯⎯⎯⎯⎯⎯ Failed Tests 15 ⎯⎯⎯⎯⎯⎯⎯\n\n FAIL  tests/integration-req-101-108.spec.js > INTEGRATION TESTS: REQ-101 through REQ-108 Complete System > Complete Workflow Integration > REQ-101-108 — executes complete QNEW → QGIT workflow successfully\nAssertionError: expected false to be true // Object.is equality\n\n- Expected\n+ Received\n\n- true\n+ false\n\n ❯ tests/integration-req-101-108.spec.js:302:32\n    300|           await workflowCoordinator.executeWorkflow(testRequirements);\n    301| \n    302|         expect(result.success).toBe(true);\n       |                                ^\n    303|         expect(result.phases).toHaveLength(WORKFLOW_PHASES.length);\n    304|         expect(result.totalTime).toBeLessThan(\n\n⎯⎯⎯⎯⎯⎯⎯⎯⎯⎯⎯⎯⎯⎯⎯⎯⎯⎯⎯⎯⎯⎯⎯[1/15]⎯\n\n FAIL  tests/integration-req-101-108.spec.js > INTEGRATION TESTS: REQ-101 through REQ-108 Complete System > Complete Workflow Integration > REQ-101-108 — agent handoffs occur within acceptable timeframes\nAssertionError: expected false to be true // Object.is equality\n\n- Expected\n+ Received\n\n- true\n+ false\n\n ❯ tests/integration-req-101-108.spec.js:320:30\n    318|       ]);\n    319| \n    320|       expect(result.success).toBe(true);\n       |                              ^\n    321| \n    322|       // Verify performance metrics are within acceptable ranges\n\n⎯⎯⎯⎯⎯⎯⎯⎯⎯⎯⎯⎯⎯⎯⎯⎯⎯⎯⎯⎯⎯⎯⎯[2/15]⎯\n\n FAIL  tests/integration-req-101-108.spec.js > INTEGRATION TESTS: REQ-101 through REQ-108 Complete System > Complete Workflow Integration > REQ-101-108 — test-writer blocks implementation without failing tests\nAssertionError: expected 'TDD ENFORCEMENT: Cannot proceed to im…' to contain 'test-writer failed to create failing …'\n\n- Expected\n+ Received\n\n- test-writer failed to create failing tests\n+ TDD ENFORCEMENT: Cannot proceed to implementation without failing tests\n\n ❯ tests/integration-req-101-108.spec.js:344:28\n    342| \n    343|       expect(result.success).toBe(false);\n    344|       expect(result.error).toContain(\n       |                            ^\n    345|         \"test-writer failed to create failing tests\"\n    346|       );\n\n⎯⎯⎯⎯⎯⎯⎯⎯⎯⎯⎯⎯⎯⎯⎯⎯⎯⎯⎯⎯⎯⎯⎯[3/15]⎯\n\n FAIL  tests/integration-req-101-108.spec.js > INTEGRATION TESTS: REQ-101 through REQ-108 Complete System > Agent Coordination Integration > REQ-103-105 — security-reviewer activates for auth/network/fs/templates changes\nAssertionError: expected false to be true // Object.is equality\n\n- Expected\n+ Received\n\n- true\n+ false\n\n ❯ tests/integration-req-101-108.spec.js:363:73\n    361|       ]);\n    362| \n    363|       expect(workflowCoordinator.activeAgents.has(\"security-reviewer\")…\n       |                                                                         ^\n    364|         true\n    365|       );\n\n⎯⎯⎯⎯⎯⎯⎯⎯⎯⎯⎯⎯⎯⎯⎯⎯⎯⎯⎯⎯⎯⎯⎯[4/15]⎯\n\n FAIL  tests/integration-req-101-108.spec.js > INTEGRATION TESTS: REQ-101 through REQ-108 Complete System > Agent Coordination Integration > REQ-103-105 — PE-Reviewer always activates during QCHECK phase\nAssertionError: expected false to be true // Object.is equality\n\n- Expected\n+ Received\n\n- true\n+ false\n\n ❯ tests/integration-req-101-108.spec.js:376:67\n    374|       ]);\n    375| \n    376|       expect(workflowCoordinator.activeAgents.has(\"PE-Reviewer\")).toBe…\n       |                                                                   ^\n    377| \n    378|       // Verify PE-Reviewer activated during QCHECK\n\n⎯⎯⎯⎯⎯⎯⎯⎯⎯⎯⎯⎯⎯⎯⎯⎯⎯⎯⎯⎯⎯⎯⎯[5/15]⎯\n\n FAIL  tests/integration-req-101-108.spec.js > INTEGRATION TESTS: REQ-101 through REQ-108 Complete System > Agent Coordination Integration > REQ-103-105 — debugger activates only when tests fail after implementation\nAssertionError: expected false to be true // Object.is equality\n\n- Expected\n+ Received\n\n- true\n+ false\n\n ❯ tests/integration-req-101-108.spec.js:400:64\n    398|       ]);\n    399| \n    400|       expect(workflowCoordinator.activeAgents.has(\"debugger\")).toBe(tr…\n       |                                                                ^\n    401|     });\n    402|   });\n\n⎯⎯⎯⎯⎯⎯⎯⎯⎯⎯⎯⎯⎯⎯⎯⎯⎯⎯⎯⎯⎯⎯⎯[6/15]⎯\n\n FAIL  tests/integration-req-101-108.spec.js > INTEGRATION TESTS: REQ-101 through REQ-108 Complete System > Requirements Lock Integration > REQ-102-103 — requirements.lock.md snapshot created during QNEW phase\nAssertionError: expected undefined not to be undefined\n ❯ tests/integration-req-101-108.spec.js:415:36\n    413|       const docsWriterActivation =\n    414|         workflowCoordinator.activeAgents.get(\"docs-writer\");\n    415|       expect(docsWriterActivation).toBeDefined();\n       |                                    ^\n    416|       expect(docsWriterActivation.context.action).toBe(\"snapshot-requi…\n    417| \n\n⎯⎯⎯⎯⎯⎯⎯⎯⎯⎯⎯⎯⎯⎯⎯⎯⎯⎯⎯⎯⎯⎯⎯[7/15]⎯\n\n FAIL  tests/integration-req-101-108.spec.js > INTEGRATION TESTS: REQ-101 through REQ-108 Complete System > Performance and Stress Testing > REQ-101-108 — system handles multiple concurrent workflows\nAssertionError: expected false to be true // Object.is equality\n\n- Expected\n+ Received\n\n- true\n+ false\n\n ❯ tests/integration-req-101-108.spec.js:469:49\n    467| \n    468|         // Verify all workflows completed successfully\n    469|         expect(results.every((r) => r.success)).toBe(true);\n       |                                                 ^\n    470| \n    471|         // Verify performance didn't degrade significantly under load\n\n⎯⎯⎯⎯⎯⎯⎯⎯⎯⎯⎯⎯⎯⎯⎯⎯⎯⎯⎯⎯⎯⎯⎯[8/15]⎯\n\n FAIL  tests/integration-req-101-108.spec.js > INTEGRATION TESTS: REQ-101 through REQ-108 Complete System > Performance and Stress Testing > REQ-101-108 — system maintains performance under stress\nAssertionError: expected 0 to be greater than 0.8\n ❯ tests/integration-req-101-108.spec.js:496:27\n    494|         stressTestResults.filter((r) => r.success).length /\n    495|         stressTestResults.length;\n    496|       expect(successRate).toBeGreaterThan(0.8); // 80% success rate mi…\n       |                           ^\n    497| \n    498|       // Verify performance degradation is minimal\n\n⎯⎯⎯⎯⎯⎯⎯⎯⎯⎯⎯⎯⎯⎯⎯⎯⎯⎯⎯⎯⎯⎯⎯[9/15]⎯\n\n FAIL  tests/integration-req-101-108.spec.js > INTEGRATION TESTS: REQ-101 through REQ-108 Complete System > Error Boundary Integration > REQ-101-108 — system gracefully handles agent failures\nAssertionError: expected 'TDD ENFORCEMENT: Cannot proceed to im…' to contain 'PE-Reviewer agent failed'\n\n- Expected\n+ Received\n\n- PE-Reviewer agent failed\n+ TDD ENFORCEMENT: Cannot proceed to implementation without failing tests\n\n ❯ tests/integration-req-101-108.spec.js:528:28\n    526| \n    527|       expect(result.success).toBe(false);\n    528|       expect(result.error).toContain(\"PE-Reviewer agent failed\");\n       |                            ^\n    529|       expect(workflowCoordinator.errors.length).toBeGreaterThan(0);\n    530|     });\n\n⎯⎯⎯⎯⎯⎯⎯⎯⎯⎯⎯⎯⎯⎯⎯⎯⎯⎯⎯⎯⎯⎯[10/15]⎯\n\n FAIL  tests/integration-req-101-108.spec.js > INTEGRATION TESTS: REQ-101 through REQ-108 Complete System > Error Boundary Integration > REQ-101-108 — system recovers from transient failures\nAssertionError: expected false to be true // Object.is equality\n\n- Expected\n+ Received\n\n- true\n+ false\n\n ❯ tests/integration-req-101-108.spec.js:556:30\n    554|       }\n    555| \n    556|       expect(result.success).toBe(true);\n       |                              ^\n    557|     });\n    558|   });\n\n⎯⎯⎯⎯⎯⎯⎯⎯⎯⎯⎯⎯⎯⎯⎯⎯⎯⎯⎯⎯⎯⎯[11/15]⎯\n\n FAIL  tests/integration-req-101-108.spec.js > INTEGRATION TESTS: REQ-101 through REQ-108 Complete System > Complete System Validation > REQ-101-108 — all requirements integrate successfully when implemented\nAssertionError: expected 25 to be greater than 95\n ❯ tests/integration-req-101-108.spec.js:566:51\n    564| \n    565|       expect(integrationReport.totalRequirements).toBe(8);\n    566|       expect(integrationReport.integrationHealth).toBeGreaterThan(95);…\n       |                                                   ^\n    567| \n    568|       // Verify all critical requirements are implemented\n\n⎯⎯⎯⎯⎯⎯⎯⎯⎯⎯⎯⎯⎯⎯⎯⎯⎯⎯⎯⎯⎯⎯[12/15]⎯\n\n FAIL  tests/integration-req-101-108.spec.js > INTEGRATION TESTS: REQ-101 through REQ-108 Complete System > Complete System Validation > REQ-101-108 — complete workflow produces expected artifacts\nAssertionError: expected false to be true // Object.is equality\n\n- Expected\n+ Received\n\n- true\n+ false\n\n ❯ tests/integration-req-101-108.spec.js:596:30\n    594|       ]);\n    595| \n    596|       expect(result.success).toBe(true);\n       |                              ^\n    597| \n    598|       // Verify all expected workflow artifacts were created/updated\n\n⎯⎯⎯⎯⎯⎯⎯⎯⎯⎯⎯⎯⎯⎯⎯⎯⎯⎯⎯⎯⎯⎯[13/15]⎯\n\n FAIL  tests/integration-req-101-108.spec.js > INTEGRATION TESTS: REQ-101 through REQ-108 Complete System > Security Integration Validation > REQ-105 — security-reviewer integration with all workflow phases\nAssertionError: expected false to be true // Object.is equality\n\n- Expected\n+ Received\n\n- true\n+ false\n\n ❯ tests/integration-req-101-108.spec.js:638:35\n    636|         const hasSecurityReview =\n    637|           coordinator.activeAgents.has(\"security-reviewer\");\n    638|         expect(hasSecurityReview).toBe(scenario.expectReview);\n       |                                   ^\n    639|       }\n    640|     });\n\n⎯⎯⎯⎯⎯⎯⎯⎯⎯⎯⎯⎯⎯⎯⎯⎯⎯⎯⎯⎯⎯⎯[14/15]⎯\n\n FAIL  tests/integration-req-101-108.spec.js > Performance Baseline Integration > REQ-101-108 — establishes performance baselines for future regression testing\nAssertionError: expected +0 to be 5 // Object.is equality\n\n- Expected\n+ Received\n\n- 5\n+ 0\n\n ❯ tests/integration-req-101-108.spec.js:676:35\n    674|     // Calculate baseline metrics\n    675|     const successfulRuns = performanceData.filter((d) => d.success);\n    676|     expect(successfulRuns.length).toBe(iterations);\n       |                                   ^\n    677| \n    678|     const avgTotalTime =\n\n⎯⎯⎯⎯⎯⎯⎯⎯⎯⎯⎯⎯⎯⎯⎯⎯⎯⎯⎯⎯⎯⎯[15/15]⎯\n\n",
      "timestamp": "2025-09-15T00:56:10.813Z"
    },
    {
      "test": "A11Y-001: Keyboard Navigation Structure",
      "success": true,
      "message": "Keyboard navigation guidance available",
      "timestamp": "2025-09-15T00:56:10.814Z"
    },
    {
      "test": "A11Y-002: Focus Order Validation",
      "success": true,
      "message": "Focus order validation included",
      "timestamp": "2025-09-15T00:56:10.814Z"
    },
    {
      "test": "A11Y-003: Screen Reader Content",
      "success": true,
      "message": "Screen reader support included (ARIA: true, Semantic: true)",
      "timestamp": "2025-09-15T00:56:10.814Z"
    },
    {
      "test": "A11Y-004: Color Contrast Requirements",
      "success": true,
      "message": "Color contrast validation included (WCAG: true, Independence: true)",
      "timestamp": "2025-09-15T00:56:10.814Z"
    },
    {
      "test": "PERF-001: Response Time Targets",
      "success": true,
      "message": "Response time targets documented",
      "timestamp": "2025-09-15T00:56:10.814Z"
    },
    {
      "test": "PERF-002: Memory Usage Validation",
      "success": true,
      "message": "Memory usage acceptable: 5.15MB",
      "timestamp": "2025-09-15T00:56:10.814Z"
    },
    {
      "test": "PERF-003: Workflow Completion Time",
      "success": true,
      "message": "Workflow completion time validation included",
      "timestamp": "2025-09-15T00:56:10.815Z"
    }
  ],
  "generatedAt": "2025-09-15T00:56:10.815Z"
}